\BOOKMARK [0][-]{chapter*.2}{\376\377\307\174\267\354\264\120\256\060}{}% 1
\BOOKMARK [-1][-]{part.1}{\376\377\000B\000a\000s\000i\000c\000\040\000C\000o\000n\000c\000e\000p\000t\000s}{}% 2
\BOOKMARK [0][-]{chapter.1}{\376\377\256\060\274\370\310\001\307\170\000\040\302\030\325\131\000\040\254\034\261\120\264\344}{part.1}% 3
\BOOKMARK [1][-]{section.1.1}{\376\377\311\321\325\151\270\140\000\050\000s\000e\000t\000\040\000t\000h\000e\000o\000r\000y\000\051}{chapter.1}% 4
\BOOKMARK [2][-]{subsection.1.1.1}{\376\377\316\164\265\024\261\020\271\254\322\360\000\050\000c\000a\000r\000d\000i\000n\000a\000l\000i\000t\000y\000\051}{section.1.1}% 5
\BOOKMARK [1][-]{section.1.2}{\376\377\302\344\325\150\302\030\307\130\000\040\302\030\305\364\264\344\000\050\000s\000e\000q\000u\000e\000n\000c\000e\000s\000\040\000o\000f\000\040\000r\000e\000a\000l\000\040\000f\000u\000n\000c\000t\000i\000o\000n\000s\000\051}{chapter.1}% 6
\BOOKMARK [1][-]{section.1.3}{\376\377\305\360\300\260\307\220\264\344\254\374\000\040\261\170\271\204\000\050\000o\000p\000e\000r\000a\000t\000o\000r\000s\000\040\000a\000n\000d\000\040\000n\000o\000r\000m\000s\000\051}{chapter.1}% 7
\BOOKMARK [2][-]{subsection.1.3.1}{\376\377\311\301\325\151\000\050\000d\000i\000r\000e\000c\000t\000\040\000s\000u\000m\000\051}{section.1.3}% 8
\BOOKMARK [2][-]{subsection.1.3.2}{\376\377\320\154\270\134\261\044\316\344\000\040\254\361\000\050\000K\000r\000o\000n\000e\000c\000k\000e\000r\000\040\000p\000r\000o\000d\000u\000c\000t\000\051}{section.1.3}% 9
\BOOKMARK [2][-]{subsection.1.3.3}{\376\377\321\120\301\034\254\361\000\050\000t\000e\000n\000s\000o\000r\000\040\000p\000r\000o\000d\000u\000c\000t\000\051}{section.1.3}% 10
\BOOKMARK [2][-]{subsection.1.3.4}{\376\377\263\160\316\164\271\164\322\270\000\040\254\361\000\050\000C\000a\000r\000t\000e\000s\000i\000a\000n\000\040\000p\000r\000o\000d\000u\000c\000t\000\051}{section.1.3}% 11
\BOOKMARK [2][-]{subsection.1.3.5}{\376\377\261\170\271\204\000\050\000n\000o\000r\000m\000\051}{section.1.3}% 12
\BOOKMARK [2][-]{subsection.1.3.6}{\376\377\254\160\271\254\000\050\000m\000e\000t\000r\000i\000c\000\051}{section.1.3}% 13
\BOOKMARK [1][-]{section.1.4}{\376\377\325\211\270\054\307\130\000\040\275\204\325\164\000\050\000m\000a\000t\000r\000i\000x\000\040\000d\000e\000c\000o\000m\000p\000o\000s\000i\000t\000i\000o\000n\000\051}{chapter.1}% 14
\BOOKMARK [2][-]{subsection.1.4.1}{\376\377\254\340\307\040\254\022\000\040\275\204\325\164\000\050\000e\000i\000g\000e\000n\000v\000a\000l\000u\000e\000\040\000d\000e\000c\000o\000m\000p\000o\000s\000i\000t\000i\000o\000n\000\051}{section.1.4}% 15
\BOOKMARK [2][-]{subsection.1.4.2}{\376\377\302\244\323\231\322\270\267\374\000\040\275\204\325\164\000\050\000s\000p\000e\000c\000t\000r\000a\000l\000\040\000d\000e\000c\000o\000m\000p\000o\000s\000i\000t\000i\000o\000n\000\051}{section.1.4}% 16
\BOOKMARK [2][-]{subsection.1.4.3}{\376\377\322\271\307\164\254\022\275\204\325\164\000\050\000S\000V\000D\000\051}{section.1.4}% 17
\BOOKMARK [2][-]{subsection.1.4.4}{\376\377\322\271\307\164\254\022\275\204\325\164\306\100\000\040\254\340\307\040\254\022\275\204\325\164\307\130\000\040\255\000\254\304}{section.1.4}% 18
\BOOKMARK [2][-]{subsection.1.4.5}{\376\377\322\271\307\164\254\022\000\040\275\204\325\164\307\130\000\040\256\060\325\130\325\131\310\001\000\040\307\130\273\370}{section.1.4}% 19
\BOOKMARK [1][-]{section.1.5}{\376\377\256\060\310\000\000\050\000b\000a\000s\000i\000s\000\051}{chapter.1}% 20
\BOOKMARK [2][-]{subsection.1.5.1}{\376\377\000R\000i\000e\000s\000z\000\040\000b\000a\000s\000i\000s}{section.1.5}% 21
\BOOKMARK [2][-]{subsection.1.5.2}{\376\377\000R\000a\000d\000i\000a\000l\000\040\000b\000a\000s\000i\000s\000\040\000f\000u\000n\000c\000t\000i\000o\000n}{section.1.5}% 22
\BOOKMARK [1][-]{section.1.6}{\376\377\254\365\254\004\000\050\000s\000p\000a\000c\000e\000\051}{chapter.1}% 23
\BOOKMARK [2][-]{subsection.1.6.1}{\376\377\000L\0002\000\040\254\365\254\004\000\050\000L\0002\000\040\000s\000p\000a\000c\000e\000\051}{section.1.6}% 24
\BOOKMARK [2][-]{subsection.1.6.2}{\376\377\274\024\260\230\327\120\254\365\254\004\000\050\000B\000a\000n\000a\000c\000h\000\040\000s\000p\000a\000c\000e\000\051}{section.1.6}% 25
\BOOKMARK [2][-]{subsection.1.6.3}{\376\377\327\220\274\204\322\270\254\365\254\004\000\050\000H\000i\000l\000b\000e\000r\000t\000\040\000s\000p\000a\000c\000e\000\051}{section.1.6}% 26
\BOOKMARK [2][-]{subsection.1.6.4}{\376\377\000S\000o\000b\000o\000l\000e\000v\000\040\254\365\254\004\000\050\000S\000o\000b\000o\000l\000e\000v\000\040\000s\000p\000a\000c\000e\000\051}{section.1.6}% 27
\BOOKMARK [2][-]{subsection.1.6.5}{\376\377\000B\000e\000s\000o\000v\000\040\254\365\254\004\000\050\000B\000e\000s\000o\000v\000\040\000s\000p\000a\000c\000e\000\051}{section.1.6}% 28
\BOOKMARK [2][-]{subsection.1.6.6}{\376\377\000R\000e\000p\000r\000o\000d\000u\000c\000i\000n\000g\000\040\000k\000e\000r\000n\000e\000l\000\040\000H\000i\000l\000b\000e\000r\000t\000\040\000s\000p\000a\000c\000e}{section.1.6}% 29
\BOOKMARK [1][-]{section.1.7}{\376\377\254\160\271\254\000\050\000d\000i\000s\000t\000a\000n\000c\000e\000\051}{chapter.1}% 30
\BOOKMARK [0][-]{chapter.2}{\376\377\256\060\315\010\000\040\326\125\271\140\270\140}{part.1}% 31
\BOOKMARK [1][-]{section.2.1}{\376\377\324\134\274\370\254\365\254\004\254\374\000\040\300\254\254\164\000\050\000s\000a\000m\000p\000l\000e\000\040\000s\000p\000a\000c\000e\000\040\000a\000n\000d\000\040\000e\000v\000e\000n\000t\000s\000\051}{chapter.2}% 32
\BOOKMARK [1][-]{section.2.2}{\376\377\302\334\255\370\271\310\000-\314\264\000\050\000s\000i\000g\000m\000a\000-\000f\000i\000e\000l\000d\000\051}{chapter.2}% 33
\BOOKMARK [1][-]{section.2.3}{\376\377\300\335\301\061\256\060\264\344\000\050\000g\000e\000n\000e\000r\000a\000t\000o\000r\000s\000\051}{chapter.2}% 34
\BOOKMARK [1][-]{section.2.4}{\376\377\326\125\271\140\254\365\254\004\000\050\000p\000r\000o\000b\000a\000b\000i\000l\000i\000t\000y\000\040\000s\000p\000a\000c\000e\000\051}{chapter.2}% 35
\BOOKMARK [1][-]{section.2.5}{\376\377\274\364\270\020\000\040\302\334\255\370\271\310\000-\314\264\000\050\000B\000o\000r\000e\000l\000\040\000s\000i\000g\000m\000a\000\040\000f\000i\000e\000l\000d\000\051}{chapter.2}% 36
\BOOKMARK [2][-]{subsection.2.5.1}{\376\377\305\360\301\215\000\040\324\134\274\370\254\365\254\004\305\320\301\034\000\040\302\334\255\370\271\310\000-\314\264\270\134\000\040\272\161\311\321\325\151\307\104\000\040\304\360\311\300\000\040\305\112\262\224\000\040\307\164\307\040\000\050\000n\000o\000\040\000u\000n\000i\000f\000o\000r\000m\000\040\000p\000r\000o\000b\000a\000b\000l\000i\000t\000y\000\040\000o\000f\000\040\000p\000o\000w\000e\000r\000\040\000s\000e\000t\000\040\000o\000n\000\040\000c\000o\000n\000t\000i\000n\000o\000u\000s\000\040\000s\000a\000m\000p\000l\000e\000\040\000s\000p\000a\000c\000e\000\051}{section.2.5}% 37
\BOOKMARK [2][-]{subsection.2.5.2}{\376\377\302\344\302\030\254\365\254\004\305\320\301\034\000\040\274\364\270\020\000\040\302\334\255\370\271\310\000-\314\264\000\050\000B\000o\000r\000e\000l\000\040\000s\000i\000g\000m\000a\000-\000f\000i\000e\000l\000d\000\040\000o\000n\000\040\000R\000\051}{section.2.5}% 38
